<?xml version="1.0" encoding="UTF-8"?>
<coverage generated="1709366183078" clover="3.2.0">
  <project timestamp="1709366183078" name="All files">
    <metrics statements="49" coveredstatements="28" conditionals="23" coveredconditionals="16" methods="11" coveredmethods="8" elements="83" coveredelements="52" complexity="0" loc="49" ncloc="49" packages="1" files="1" classes="1"/>
    <file name="util.ts" path="P:\github\tsconline\server\src\util.ts">
      <metrics statements="49" coveredstatements="28" conditionals="23" coveredconditionals="16" methods="11" coveredmethods="8"/>
      <line num="1" count="1" type="stmt"/>
      <line num="2" count="1" type="stmt"/>
      <line num="3" count="1" type="stmt"/>
      <line num="4" count="1" type="stmt"/>
      <line num="12" count="1" type="stmt"/>
      <line num="14" count="0" type="cond" truecount="0" falsecount="2"/>
      <line num="15" count="0" type="stmt"/>
      <line num="16" count="0" type="stmt"/>
      <line num="19" count="0" type="cond" truecount="0" falsecount="2"/>
      <line num="20" count="0" type="stmt"/>
      <line num="23" count="0" type="stmt"/>
      <line num="24" count="0" type="stmt"/>
      <line num="28" count="0" type="stmt"/>
      <line num="29" count="0" type="stmt"/>
      <line num="31" count="0" type="stmt"/>
      <line num="40" count="1" type="stmt"/>
      <line num="41" count="0" type="stmt"/>
      <line num="42" count="0" type="stmt"/>
      <line num="44" count="0" type="stmt"/>
      <line num="46" count="0" type="stmt"/>
      <line num="47" count="0" type="stmt"/>
      <line num="48" count="0" type="stmt"/>
      <line num="50" count="0" type="cond" truecount="0" falsecount="2"/>
      <line num="51" count="0" type="stmt"/>
      <line num="53" count="0" type="stmt"/>
      <line num="57" count="0" type="stmt"/>
      <line num="58" count="0" type="stmt"/>
      <line num="68" count="1" type="stmt"/>
      <line num="70" count="2" type="stmt"/>
      <line num="73" count="4" type="stmt"/>
      <line num="74" count="4" type="cond" truecount="1" falsecount="1"/>
      <line num="75" count="4" type="stmt"/>
      <line num="79" count="2" type="stmt"/>
      <line num="81" count="6" type="stmt"/>
      <line num="82" count="6" type="stmt"/>
      <line num="83" count="2" type="stmt"/>
      <line num="91" count="1" type="stmt"/>
      <line num="92" count="2" type="stmt"/>
      <line num="99" count="1" type="stmt"/>
      <line num="100" count="2" type="cond" truecount="3" falsecount="0"/>
      <line num="101" count="1" type="stmt"/>
      <line num="103" count="1" type="stmt"/>
      <line num="110" count="1" type="stmt"/>
      <line num="111" count="9" type="cond" truecount="3" falsecount="0"/>
      <line num="112" count="7" type="stmt"/>
      <line num="113" count="7" type="cond" truecount="2" falsecount="0"/>
      <line num="123" count="1" type="stmt"/>
      <line num="124" count="3" type="cond" truecount="7" falsecount="0"/>
      <line num="125" count="2" type="stmt"/>
    </file>
  </project>
</coverage>
