{"P:\\github\\tsconline\\server\\src\\util.ts": {"path":"P:\\github\\tsconline\\server\\src\\util.ts","statementMap":{"0":{"start":{"line":1,"column":0},"end":{"line":1,"column":20}},"1":{"start":{"line":2,"column":0},"end":{"line":2,"column":24}},"2":{"start":{"line":3,"column":0},"end":{"line":3,"column":37}},"3":{"start":{"line":4,"column":0},"end":{"line":4,"column":28}},"4":{"start":{"line":14,"column":2},"end":{"line":32,"column":null}},"5":{"start":{"line":15,"column":4},"end":{"line":26,"column":7}},"6":{"start":{"line":16,"column":26},"end":{"line":16,"column":56}},"7":{"start":{"line":19,"column":6},"end":{"line":25,"column":null}},"8":{"start":{"line":20,"column":8},"end":{"line":20,"column":37}},"9":{"start":{"line":23,"column":8},"end":{"line":23,"column":35}},"10":{"start":{"line":24,"column":8},"end":{"line":24,"column":52}},"11":{"start":{"line":28,"column":4},"end":{"line":28,"column":32}},"12":{"start":{"line":29,"column":4},"end":{"line":29,"column":61}},"13":{"start":{"line":31,"column":4},"end":{"line":31,"column":51}},"14":{"start":{"line":12,"column":0},"end":{"line":12,"column":16}},"15":{"start":{"line":41,"column":2},"end":{"line":59,"column":null}},"16":{"start":{"line":42,"column":4},"end":{"line":42,"column":61}},"17":{"start":{"line":44,"column":20},"end":{"line":44,"column":74}},"18":{"start":{"line":46,"column":4},"end":{"line":55,"column":null}},"19":{"start":{"line":47,"column":22},"end":{"line":47,"column":48}},"20":{"start":{"line":48,"column":23},"end":{"line":48,"column":57}},"21":{"start":{"line":50,"column":6},"end":{"line":54,"column":null}},"22":{"start":{"line":51,"column":8},"end":{"line":51,"column":47}},"23":{"start":{"line":53,"column":8},"end":{"line":53,"column":53}},"24":{"start":{"line":57,"column":4},"end":{"line":57,"column":47}},"25":{"start":{"line":58,"column":4},"end":{"line":58,"column":16}},"26":{"start":{"line":40,"column":0},"end":{"line":40,"column":7}},"27":{"start":{"line":70,"column":18},"end":{"line":77,"column":null}},"28":{"start":{"line":73,"column":26},"end":{"line":73,"column":47}},"29":{"start":{"line":74,"column":25},"end":{"line":74,"column":79}},"30":{"start":{"line":75,"column":8},"end":{"line":75,"column":64}},"31":{"start":{"line":79,"column":14},"end":{"line":79,"column":48}},"32":{"start":{"line":81,"column":2},"end":{"line":81,"column":56}},"33":{"start":{"line":81,"column":30},"end":{"line":81,"column":54}},"34":{"start":{"line":82,"column":2},"end":{"line":82,"column":53}},"35":{"start":{"line":82,"column":33},"end":{"line":82,"column":51}},"36":{"start":{"line":83,"column":2},"end":{"line":83,"column":15}},"37":{"start":{"line":68,"column":0},"end":{"line":68,"column":7}},"38":{"start":{"line":92,"column":2},"end":{"line":92,"column":46}},"39":{"start":{"line":91,"column":0},"end":{"line":91,"column":16}},"40":{"start":{"line":100,"column":2},"end":{"line":102,"column":null}},"41":{"start":{"line":101,"column":4},"end":{"line":101,"column":30}},"42":{"start":{"line":103,"column":2},"end":{"line":103,"column":15}},"43":{"start":{"line":99,"column":0},"end":{"line":99,"column":16}},"44":{"start":{"line":111,"column":2},"end":{"line":111,"column":null}},"45":{"start":{"line":111,"column":24},"end":{"line":111,"column":null}},"46":{"start":{"line":112,"column":14},"end":{"line":112,"column":28}},"47":{"start":{"line":113,"column":2},"end":{"line":113,"column":43}},"48":{"start":{"line":110,"column":0},"end":{"line":110,"column":16}},"49":{"start":{"line":124,"column":2},"end":{"line":124,"column":101}},"50":{"start":{"line":124,"column":64},"end":{"line":124,"column":101}},"51":{"start":{"line":125,"column":2},"end":{"line":125,"column":73}},"52":{"start":{"line":123,"column":0},"end":{"line":123,"column":16}}},"fnMap":{"0":{"name":"deleteDirectory","decl":{"start":{"line":12,"column":16},"end":{"line":12,"column":31}},"loc":{"start":{"line":12,"column":53},"end":{"line":33,"column":1}}},"1":{"name":"(anonymous_1)","decl":{"start":{"line":15,"column":42},"end":{"line":15,"column":43}},"loc":{"start":{"line":15,"column":51},"end":{"line":26,"column":5}}},"2":{"name":"copyDirectory","decl":{"start":{"line":40,"column":22},"end":{"line":40,"column":35}},"loc":{"start":{"line":40,"column":68},"end":{"line":60,"column":1}}},"3":{"name":"grabFilepaths","decl":{"start":{"line":68,"column":22},"end":{"line":68,"column":35}},"loc":{"start":{"line":68,"column":95},"end":{"line":84,"column":1}}},"4":{"name":"(anonymous_4)","decl":{"start":{"line":72,"column":11},"end":{"line":72,"column":12}},"loc":{"start":{"line":72,"column":20},"end":{"line":76,"column":7}}},"5":{"name":"(anonymous_5)","decl":{"start":{"line":81,"column":20},"end":{"line":81,"column":21}},"loc":{"start":{"line":81,"column":30},"end":{"line":81,"column":54}}},"6":{"name":"(anonymous_6)","decl":{"start":{"line":82,"column":23},"end":{"line":82,"column":24}},"loc":{"start":{"line":82,"column":33},"end":{"line":82,"column":51}}},"7":{"name":"trimInvisibleCharacters","decl":{"start":{"line":91,"column":16},"end":{"line":91,"column":39}},"loc":{"start":{"line":91,"column":53},"end":{"line":93,"column":1}}},"8":{"name":"trimQuotes","decl":{"start":{"line":99,"column":16},"end":{"line":99,"column":26}},"loc":{"start":{"line":99,"column":40},"end":{"line":104,"column":1}}},"9":{"name":"componentToHex","decl":{"start":{"line":110,"column":16},"end":{"line":110,"column":30}},"loc":{"start":{"line":110,"column":40},"end":{"line":114,"column":1}}},"10":{"name":"rgbToHex","decl":{"start":{"line":123,"column":16},"end":{"line":123,"column":24}},"loc":{"start":{"line":123,"column":56},"end":{"line":126,"column":1}}}},"branchMap":{"0":{"loc":{"start":{"line":14,"column":2},"end":{"line":32,"column":null}},"type":"if","locations":[{"start":{"line":14,"column":2},"end":{"line":32,"column":null}},{"start":{"line":30,"column":9},"end":{"line":32,"column":null}}]},"1":{"loc":{"start":{"line":19,"column":6},"end":{"line":25,"column":null}},"type":"if","locations":[{"start":{"line":19,"column":6},"end":{"line":25,"column":null}},{"start":{"line":21,"column":13},"end":{"line":25,"column":null}}]},"2":{"loc":{"start":{"line":50,"column":6},"end":{"line":54,"column":null}},"type":"if","locations":[{"start":{"line":50,"column":6},"end":{"line":54,"column":null}},{"start":{"line":52,"column":13},"end":{"line":54,"column":null}}]},"3":{"loc":{"start":{"line":74,"column":25},"end":{"line":74,"column":79}},"type":"cond-expr","locations":[{"start":{"line":74,"column":44},"end":{"line":74,"column":72}},{"start":{"line":74,"column":75},"end":{"line":74,"column":79}}]},"4":{"loc":{"start":{"line":100,"column":2},"end":{"line":102,"column":null}},"type":"if","locations":[{"start":{"line":100,"column":2},"end":{"line":102,"column":null}}]},"5":{"loc":{"start":{"line":100,"column":6},"end":{"line":100,"column":50}},"type":"binary-expr","locations":[{"start":{"line":100,"column":6},"end":{"line":100,"column":27}},{"start":{"line":100,"column":31},"end":{"line":100,"column":50}}]},"6":{"loc":{"start":{"line":111,"column":2},"end":{"line":111,"column":null}},"type":"if","locations":[{"start":{"line":111,"column":2},"end":{"line":111,"column":null}}]},"7":{"loc":{"start":{"line":111,"column":6},"end":{"line":111,"column":22}},"type":"binary-expr","locations":[{"start":{"line":111,"column":6},"end":{"line":111,"column":11}},{"start":{"line":111,"column":15},"end":{"line":111,"column":22}}]},"8":{"loc":{"start":{"line":113,"column":9},"end":{"line":113,"column":42}},"type":"cond-expr","locations":[{"start":{"line":113,"column":27},"end":{"line":113,"column":36}},{"start":{"line":113,"column":39},"end":{"line":113,"column":42}}]},"9":{"loc":{"start":{"line":124,"column":2},"end":{"line":124,"column":101}},"type":"if","locations":[{"start":{"line":124,"column":2},"end":{"line":124,"column":101}}]},"10":{"loc":{"start":{"line":124,"column":6},"end":{"line":124,"column":62}},"type":"binary-expr","locations":[{"start":{"line":124,"column":6},"end":{"line":124,"column":11}},{"start":{"line":124,"column":15},"end":{"line":124,"column":22}},{"start":{"line":124,"column":26},"end":{"line":124,"column":31}},{"start":{"line":124,"column":35},"end":{"line":124,"column":42}},{"start":{"line":124,"column":46},"end":{"line":124,"column":51}},{"start":{"line":124,"column":55},"end":{"line":124,"column":62}}]}},"s":{"0":1,"1":1,"2":1,"3":1,"4":0,"5":0,"6":0,"7":0,"8":0,"9":0,"10":0,"11":0,"12":0,"13":0,"14":1,"15":0,"16":0,"17":0,"18":0,"19":0,"20":0,"21":0,"22":0,"23":0,"24":0,"25":0,"26":1,"27":2,"28":4,"29":4,"30":4,"31":2,"32":2,"33":6,"34":2,"35":6,"36":2,"37":1,"38":2,"39":1,"40":2,"41":1,"42":1,"43":1,"44":9,"45":2,"46":7,"47":7,"48":1,"49":3,"50":1,"51":2,"52":1},"f":{"0":0,"1":0,"2":0,"3":2,"4":4,"5":6,"6":6,"7":2,"8":2,"9":9,"10":3},"b":{"0":[0,0],"1":[0,0],"2":[0,0],"3":[4,0],"4":[1],"5":[2,1],"6":[2],"7":[9,8],"8":[4,3],"9":[1],"10":[3,3,2,2,2,2]}}
}
