TN:
SF:server\src\util.ts
FN:12,deleteDirectory
FN:15,(anonymous_1)
FN:40,copyDirectory
FN:68,grabFilepaths
FN:72,(anonymous_4)
FN:81,(anonymous_5)
FN:82,(anonymous_6)
FN:91,trimInvisibleCharacters
FN:99,trimQuotes
FN:110,componentToHex
FN:123,rgbToHex
FNF:11
FNH:8
FNDA:0,deleteDirectory
FNDA:0,(anonymous_1)
FNDA:0,copyDirectory
FNDA:2,grabFilepaths
FNDA:4,(anonymous_4)
FNDA:6,(anonymous_5)
FNDA:6,(anonymous_6)
FNDA:2,trimInvisibleCharacters
FNDA:2,trimQuotes
FNDA:9,componentToHex
FNDA:3,rgbToHex
DA:1,1
DA:2,1
DA:3,1
DA:4,1
DA:12,1
DA:14,0
DA:15,0
DA:16,0
DA:19,0
DA:20,0
DA:23,0
DA:24,0
DA:28,0
DA:29,0
DA:31,0
DA:40,1
DA:41,0
DA:42,0
DA:44,0
DA:46,0
DA:47,0
DA:48,0
DA:50,0
DA:51,0
DA:53,0
DA:57,0
DA:58,0
DA:68,1
DA:70,2
DA:73,4
DA:74,4
DA:75,4
DA:79,2
DA:81,6
DA:82,6
DA:83,2
DA:91,1
DA:92,2
DA:99,1
DA:100,2
DA:101,1
DA:103,1
DA:110,1
DA:111,9
DA:112,7
DA:113,7
DA:123,1
DA:124,3
DA:125,2
LF:49
LH:28
BRDA:14,0,0,0
BRDA:14,0,1,0
BRDA:19,1,0,0
BRDA:19,1,1,0
BRDA:50,2,0,0
BRDA:50,2,1,0
BRDA:74,3,0,4
BRDA:74,3,1,0
BRDA:100,4,0,1
BRDA:100,5,0,2
BRDA:100,5,1,1
BRDA:111,6,0,2
BRDA:111,7,0,9
BRDA:111,7,1,8
BRDA:113,8,0,4
BRDA:113,8,1,3
BRDA:124,9,0,1
BRDA:124,10,0,3
BRDA:124,10,1,3
BRDA:124,10,2,2
BRDA:124,10,3,2
BRDA:124,10,4,2
BRDA:124,10,5,2
BRF:23
BRH:16
end_of_record
